<?xml version="1.0" encoding="UTF-8"?>
<testsuite xmlns:xsi="http://www.w3.org/2001/XMLSchema-instance" xsi:noNamespaceSchemaLocation="https://maven.apache.org/surefire/maven-surefire-plugin/xsd/surefire-test-report.xsd" name="com.fenoreste.com.SpringBancaWarApplicationTests" time="9.255" tests="1" errors="0" skipped="0" failures="0">
  <properties>
    <property name="sun.desktop" value="gnome"/>
    <property name="awt.toolkit" value="sun.awt.X11.XToolkit"/>
    <property name="file.encoding.pkg" value="sun.io"/>
    <property name="java.specification.version" value="1.8"/>
    <property name="sun.cpu.isalist" value=""/>
    <property name="sun.jnu.encoding" value="UTF-8"/>
    <property name="java.class.path" value="/home/nahum/Spring_Projects/Banca_movil_mitras_buenos_sagrada-main/target/test-classes:/home/nahum/Spring_Projects/Banca_movil_mitras_buenos_sagrada-main/target/classes:/home/nahum/.m2/repository/org/springframework/boot/spring-boot-starter-data-jpa/2.5.6/spring-boot-starter-data-jpa-2.5.6.jar:/home/nahum/.m2/repository/org/springframework/boot/spring-boot-starter-aop/2.5.6/spring-boot-starter-aop-2.5.6.jar:/home/nahum/.m2/repository/org/aspectj/aspectjweaver/1.9.7/aspectjweaver-1.9.7.jar:/home/nahum/.m2/repository/org/springframework/boot/spring-boot-starter-jdbc/2.5.6/spring-boot-starter-jdbc-2.5.6.jar:/home/nahum/.m2/repository/com/zaxxer/HikariCP/4.0.3/HikariCP-4.0.3.jar:/home/nahum/.m2/repository/org/springframework/spring-jdbc/5.3.12/spring-jdbc-5.3.12.jar:/home/nahum/.m2/repository/jakarta/transaction/jakarta.transaction-api/1.3.3/jakarta.transaction-api-1.3.3.jar:/home/nahum/.m2/repository/jakarta/persistence/jakarta.persistence-api/2.2.3/jakarta.persistence-api-2.2.3.jar:/home/nahum/.m2/repository/org/hibernate/hibernate-core/5.4.32.Final/hibernate-core-5.4.32.Final.jar:/home/nahum/.m2/repository/org/jboss/logging/jboss-logging/3.4.2.Final/jboss-logging-3.4.2.Final.jar:/home/nahum/.m2/repository/org/javassist/javassist/3.27.0-GA/javassist-3.27.0-GA.jar:/home/nahum/.m2/repository/net/bytebuddy/byte-buddy/1.10.22/byte-buddy-1.10.22.jar:/home/nahum/.m2/repository/antlr/antlr/2.7.7/antlr-2.7.7.jar:/home/nahum/.m2/repository/org/jboss/jandex/2.2.3.Final/jandex-2.2.3.Final.jar:/home/nahum/.m2/repository/com/fasterxml/classmate/1.5.1/classmate-1.5.1.jar:/home/nahum/.m2/repository/org/dom4j/dom4j/2.1.3/dom4j-2.1.3.jar:/home/nahum/.m2/repository/org/hibernate/common/hibernate-commons-annotations/5.1.2.Final/hibernate-commons-annotations-5.1.2.Final.jar:/home/nahum/.m2/repository/org/glassfish/jaxb/jaxb-runtime/2.3.5/jaxb-runtime-2.3.5.jar:/home/nahum/.m2/repository/org/glassfish/jaxb/txw2/2.3.5/txw2-2.3.5.jar:/home/nahum/.m2/repository/com/sun/istack/istack-commons-runtime/3.0.12/istack-commons-runtime-3.0.12.jar:/home/nahum/.m2/repository/com/sun/activation/jakarta.activation/1.2.2/jakarta.activation-1.2.2.jar:/home/nahum/.m2/repository/org/springframework/data/spring-data-jpa/2.5.6/spring-data-jpa-2.5.6.jar:/home/nahum/.m2/repository/org/springframework/data/spring-data-commons/2.5.6/spring-data-commons-2.5.6.jar:/home/nahum/.m2/repository/org/springframework/spring-orm/5.3.12/spring-orm-5.3.12.jar:/home/nahum/.m2/repository/org/springframework/spring-context/5.3.12/spring-context-5.3.12.jar:/home/nahum/.m2/repository/org/springframework/spring-tx/5.3.12/spring-tx-5.3.12.jar:/home/nahum/.m2/repository/org/springframework/spring-aspects/5.3.12/spring-aspects-5.3.12.jar:/home/nahum/.m2/repository/org/apache/httpcomponents/httpclient/4.1/httpclient-4.1.jar:/home/nahum/.m2/repository/org/apache/httpcomponents/httpcore/4.4.14/httpcore-4.4.14.jar:/home/nahum/.m2/repository/commons-codec/commons-codec/1.15/commons-codec-1.15.jar:/home/nahum/.m2/repository/org/springframework/boot/spring-boot-starter-web/2.5.6/spring-boot-starter-web-2.5.6.jar:/home/nahum/.m2/repository/org/springframework/boot/spring-boot-starter/2.5.6/spring-boot-starter-2.5.6.jar:/home/nahum/.m2/repository/org/springframework/boot/spring-boot-starter-logging/2.5.6/spring-boot-starter-logging-2.5.6.jar:/home/nahum/.m2/repository/ch/qos/logback/logback-classic/1.2.6/logback-classic-1.2.6.jar:/home/nahum/.m2/repository/ch/qos/logback/logback-core/1.2.6/logback-core-1.2.6.jar:/home/nahum/.m2/repository/org/slf4j/jul-to-slf4j/1.7.32/jul-to-slf4j-1.7.32.jar:/home/nahum/.m2/repository/org/yaml/snakeyaml/1.28/snakeyaml-1.28.jar:/home/nahum/.m2/repository/org/springframework/boot/spring-boot-starter-json/2.5.6/spring-boot-starter-json-2.5.6.jar:/home/nahum/.m2/repository/com/fasterxml/jackson/core/jackson-databind/2.12.5/jackson-databind-2.12.5.jar:/home/nahum/.m2/repository/com/fasterxml/jackson/core/jackson-annotations/2.12.5/jackson-annotations-2.12.5.jar:/home/nahum/.m2/repository/com/fasterxml/jackson/core/jackson-core/2.12.5/jackson-core-2.12.5.jar:/home/nahum/.m2/repository/com/fasterxml/jackson/datatype/jackson-datatype-jdk8/2.12.5/jackson-datatype-jdk8-2.12.5.jar:/home/nahum/.m2/repository/com/fasterxml/jackson/datatype/jackson-datatype-jsr310/2.12.5/jackson-datatype-jsr310-2.12.5.jar:/home/nahum/.m2/repository/com/fasterxml/jackson/module/jackson-module-parameter-names/2.12.5/jackson-module-parameter-names-2.12.5.jar:/home/nahum/.m2/repository/org/springframework/spring-web/5.3.12/spring-web-5.3.12.jar:/home/nahum/.m2/repository/org/springframework/spring-webmvc/5.3.12/spring-webmvc-5.3.12.jar:/home/nahum/.m2/repository/org/springframework/spring-expression/5.3.12/spring-expression-5.3.12.jar:/home/nahum/.m2/repository/org/springframework/boot/spring-boot-devtools/2.5.6/spring-boot-devtools-2.5.6.jar:/home/nahum/.m2/repository/org/springframework/boot/spring-boot/2.5.6/spring-boot-2.5.6.jar:/home/nahum/.m2/repository/org/springframework/boot/spring-boot-autoconfigure/2.5.6/spring-boot-autoconfigure-2.5.6.jar:/home/nahum/.m2/repository/org/postgresql/postgresql/42.2.24/postgresql-42.2.24.jar:/home/nahum/.m2/repository/org/checkerframework/checker-qual/3.5.0/checker-qual-3.5.0.jar:/home/nahum/.m2/repository/org/springframework/boot/spring-boot-starter-tomcat/2.5.6/spring-boot-starter-tomcat-2.5.6.jar:/home/nahum/.m2/repository/jakarta/annotation/jakarta.annotation-api/1.3.5/jakarta.annotation-api-1.3.5.jar:/home/nahum/.m2/repository/org/apache/tomcat/embed/tomcat-embed-core/9.0.54/tomcat-embed-core-9.0.54.jar:/home/nahum/.m2/repository/org/apache/tomcat/embed/tomcat-embed-el/9.0.54/tomcat-embed-el-9.0.54.jar:/home/nahum/.m2/repository/org/apache/tomcat/embed/tomcat-embed-websocket/9.0.54/tomcat-embed-websocket-9.0.54.jar:/home/nahum/.m2/repository/org/springframework/boot/spring-boot-starter-test/2.5.6/spring-boot-starter-test-2.5.6.jar:/home/nahum/.m2/repository/org/springframework/boot/spring-boot-test/2.5.6/spring-boot-test-2.5.6.jar:/home/nahum/.m2/repository/org/springframework/boot/spring-boot-test-autoconfigure/2.5.6/spring-boot-test-autoconfigure-2.5.6.jar:/home/nahum/.m2/repository/com/jayway/jsonpath/json-path/2.5.0/json-path-2.5.0.jar:/home/nahum/.m2/repository/net/minidev/json-smart/2.4.7/json-smart-2.4.7.jar:/home/nahum/.m2/repository/net/minidev/accessors-smart/2.4.7/accessors-smart-2.4.7.jar:/home/nahum/.m2/repository/org/ow2/asm/asm/9.1/asm-9.1.jar:/home/nahum/.m2/repository/jakarta/xml/bind/jakarta.xml.bind-api/2.3.3/jakarta.xml.bind-api-2.3.3.jar:/home/nahum/.m2/repository/jakarta/activation/jakarta.activation-api/1.2.2/jakarta.activation-api-1.2.2.jar:/home/nahum/.m2/repository/org/assertj/assertj-core/3.19.0/assertj-core-3.19.0.jar:/home/nahum/.m2/repository/org/hamcrest/hamcrest/2.2/hamcrest-2.2.jar:/home/nahum/.m2/repository/org/junit/jupiter/junit-jupiter/5.7.2/junit-jupiter-5.7.2.jar:/home/nahum/.m2/repository/org/junit/jupiter/junit-jupiter-api/5.7.2/junit-jupiter-api-5.7.2.jar:/home/nahum/.m2/repository/org/apiguardian/apiguardian-api/1.1.0/apiguardian-api-1.1.0.jar:/home/nahum/.m2/repository/org/opentest4j/opentest4j/1.2.0/opentest4j-1.2.0.jar:/home/nahum/.m2/repository/org/junit/platform/junit-platform-commons/1.7.2/junit-platform-commons-1.7.2.jar:/home/nahum/.m2/repository/org/junit/jupiter/junit-jupiter-params/5.7.2/junit-jupiter-params-5.7.2.jar:/home/nahum/.m2/repository/org/junit/jupiter/junit-jupiter-engine/5.7.2/junit-jupiter-engine-5.7.2.jar:/home/nahum/.m2/repository/org/junit/platform/junit-platform-engine/1.7.2/junit-platform-engine-1.7.2.jar:/home/nahum/.m2/repository/org/mockito/mockito-core/3.9.0/mockito-core-3.9.0.jar:/home/nahum/.m2/repository/net/bytebuddy/byte-buddy-agent/1.10.22/byte-buddy-agent-1.10.22.jar:/home/nahum/.m2/repository/org/objenesis/objenesis/3.2/objenesis-3.2.jar:/home/nahum/.m2/repository/org/mockito/mockito-junit-jupiter/3.9.0/mockito-junit-jupiter-3.9.0.jar:/home/nahum/.m2/repository/org/skyscreamer/jsonassert/1.5.0/jsonassert-1.5.0.jar:/home/nahum/.m2/repository/com/vaadin/external/google/android-json/0.0.20131108.vaadin1/android-json-0.0.20131108.vaadin1.jar:/home/nahum/.m2/repository/org/springframework/spring-core/5.3.12/spring-core-5.3.12.jar:/home/nahum/.m2/repository/org/springframework/spring-jcl/5.3.12/spring-jcl-5.3.12.jar:/home/nahum/.m2/repository/org/springframework/spring-test/5.3.12/spring-test-5.3.12.jar:/home/nahum/.m2/repository/org/xmlunit/xmlunit-core/2.8.3/xmlunit-core-2.8.3.jar:/home/nahum/.m2/repository/com/github/cliftonlabs/json-simple/3.1.0/json-simple-3.1.0.jar:/home/nahum/.m2/repository/com/itextpdf/html2pdf/2.1.5/html2pdf-2.1.5.jar:/home/nahum/.m2/repository/com/itextpdf/forms/7.1.8/forms-7.1.8.jar:/home/nahum/.m2/repository/com/itextpdf/kernel/7.1.8/kernel-7.1.8.jar:/home/nahum/.m2/repository/com/itextpdf/io/7.1.8/io-7.1.8.jar:/home/nahum/.m2/repository/com/itextpdf/layout/7.1.8/layout-7.1.8.jar:/home/nahum/.m2/repository/com/itextpdf/svg/7.1.8/svg-7.1.8.jar:/home/nahum/.m2/repository/com/itextpdf/styled-xml-parser/7.1.8/styled-xml-parser-7.1.8.jar:/home/nahum/.m2/repository/org/slf4j/slf4j-api/1.7.32/slf4j-api-1.7.32.jar:/home/nahum/.m2/repository/com/itextpdf/itextpdf/5.4.1/itextpdf-5.4.1.jar:/home/nahum/.m2/repository/org/xhtmlrenderer/flying-saucer-pdf/9.0.0/flying-saucer-pdf-9.0.0.jar:/home/nahum/.m2/repository/com/lowagie/itext/2.1.7/itext-2.1.7.jar:/home/nahum/.m2/repository/bouncycastle/bcmail-jdk14/138/bcmail-jdk14-138.jar:/home/nahum/.m2/repository/bouncycastle/bcprov-jdk14/138/bcprov-jdk14-138.jar:/home/nahum/.m2/repository/org/bouncycastle/bctsp-jdk14/1.38/bctsp-jdk14-1.38.jar:/home/nahum/.m2/repository/org/bouncycastle/bcprov-jdk14/1.38/bcprov-jdk14-1.38.jar:/home/nahum/.m2/repository/org/bouncycastle/bcmail-jdk14/1.38/bcmail-jdk14-1.38.jar:/home/nahum/.m2/repository/org/xhtmlrenderer/flying-saucer-core/9.0.0/flying-saucer-core-9.0.0.jar:/home/nahum/.m2/repository/org/springframework/ws/spring-ws-core/3.1.1/spring-ws-core-3.1.1.jar:/home/nahum/.m2/repository/org/springframework/ws/spring-xml/3.1.1/spring-xml-3.1.1.jar:/home/nahum/.m2/repository/org/springframework/spring-aop/5.3.12/spring-aop-5.3.12.jar:/home/nahum/.m2/repository/org/springframework/spring-beans/5.3.12/spring-beans-5.3.12.jar:/home/nahum/.m2/repository/org/springframework/spring-oxm/5.3.12/spring-oxm-5.3.12.jar:/home/nahum/.m2/repository/org/springframework/boot/spring-boot-starter-thymeleaf/2.5.6/spring-boot-starter-thymeleaf-2.5.6.jar:/home/nahum/.m2/repository/org/thymeleaf/thymeleaf-spring5/3.0.12.RELEASE/thymeleaf-spring5-3.0.12.RELEASE.jar:/home/nahum/.m2/repository/org/thymeleaf/thymeleaf/3.0.12.RELEASE/thymeleaf-3.0.12.RELEASE.jar:/home/nahum/.m2/repository/org/attoparser/attoparser/2.0.5.RELEASE/attoparser-2.0.5.RELEASE.jar:/home/nahum/.m2/repository/org/unbescape/unbescape/1.1.6.RELEASE/unbescape-1.1.6.RELEASE.jar:/home/nahum/.m2/repository/org/thymeleaf/extras/thymeleaf-extras-java8time/3.0.4.RELEASE/thymeleaf-extras-java8time-3.0.4.RELEASE.jar:/home/nahum/.m2/repository/org/json/json/20070829/json-20070829.jar:/home/nahum/.m2/repository/org/projectlombok/lombok/1.18.24/lombok-1.18.24.jar:"/>
    <property name="java.vm.vendor" value="Oracle Corporation"/>
    <property name="sun.arch.data.model" value="64"/>
    <property name="java.vendor.url" value="http://java.oracle.com/"/>
    <property name="user.timezone" value=""/>
    <property name="java.vm.specification.version" value="1.8"/>
    <property name="os.name" value="Linux"/>
    <property name="user.country" value="MX"/>
    <property name="sun.java.launcher" value="SUN_STANDARD"/>
    <property name="sun.boot.library.path" value="/usr/java/jdk1.8.0_231-amd64/jre/lib/amd64"/>
    <property name="sun.java.command" value="/home/nahum/Spring_Projects/Banca_movil_mitras_buenos_sagrada-main/target/surefire/surefirebooter2392567935934004455.jar /home/nahum/Spring_Projects/Banca_movil_mitras_buenos_sagrada-main/target/surefire 2022-07-06T17-31-04_664-jvmRun1 surefire7656914524472999718tmp surefire_04366848862419086825tmp"/>
    <property name="surefire.test.class.path" value="/home/nahum/Spring_Projects/Banca_movil_mitras_buenos_sagrada-main/target/test-classes:/home/nahum/Spring_Projects/Banca_movil_mitras_buenos_sagrada-main/target/classes:/home/nahum/.m2/repository/org/springframework/boot/spring-boot-starter-data-jpa/2.5.6/spring-boot-starter-data-jpa-2.5.6.jar:/home/nahum/.m2/repository/org/springframework/boot/spring-boot-starter-aop/2.5.6/spring-boot-starter-aop-2.5.6.jar:/home/nahum/.m2/repository/org/aspectj/aspectjweaver/1.9.7/aspectjweaver-1.9.7.jar:/home/nahum/.m2/repository/org/springframework/boot/spring-boot-starter-jdbc/2.5.6/spring-boot-starter-jdbc-2.5.6.jar:/home/nahum/.m2/repository/com/zaxxer/HikariCP/4.0.3/HikariCP-4.0.3.jar:/home/nahum/.m2/repository/org/springframework/spring-jdbc/5.3.12/spring-jdbc-5.3.12.jar:/home/nahum/.m2/repository/jakarta/transaction/jakarta.transaction-api/1.3.3/jakarta.transaction-api-1.3.3.jar:/home/nahum/.m2/repository/jakarta/persistence/jakarta.persistence-api/2.2.3/jakarta.persistence-api-2.2.3.jar:/home/nahum/.m2/repository/org/hibernate/hibernate-core/5.4.32.Final/hibernate-core-5.4.32.Final.jar:/home/nahum/.m2/repository/org/jboss/logging/jboss-logging/3.4.2.Final/jboss-logging-3.4.2.Final.jar:/home/nahum/.m2/repository/org/javassist/javassist/3.27.0-GA/javassist-3.27.0-GA.jar:/home/nahum/.m2/repository/net/bytebuddy/byte-buddy/1.10.22/byte-buddy-1.10.22.jar:/home/nahum/.m2/repository/antlr/antlr/2.7.7/antlr-2.7.7.jar:/home/nahum/.m2/repository/org/jboss/jandex/2.2.3.Final/jandex-2.2.3.Final.jar:/home/nahum/.m2/repository/com/fasterxml/classmate/1.5.1/classmate-1.5.1.jar:/home/nahum/.m2/repository/org/dom4j/dom4j/2.1.3/dom4j-2.1.3.jar:/home/nahum/.m2/repository/org/hibernate/common/hibernate-commons-annotations/5.1.2.Final/hibernate-commons-annotations-5.1.2.Final.jar:/home/nahum/.m2/repository/org/glassfish/jaxb/jaxb-runtime/2.3.5/jaxb-runtime-2.3.5.jar:/home/nahum/.m2/repository/org/glassfish/jaxb/txw2/2.3.5/txw2-2.3.5.jar:/home/nahum/.m2/repository/com/sun/istack/istack-commons-runtime/3.0.12/istack-commons-runtime-3.0.12.jar:/home/nahum/.m2/repository/com/sun/activation/jakarta.activation/1.2.2/jakarta.activation-1.2.2.jar:/home/nahum/.m2/repository/org/springframework/data/spring-data-jpa/2.5.6/spring-data-jpa-2.5.6.jar:/home/nahum/.m2/repository/org/springframework/data/spring-data-commons/2.5.6/spring-data-commons-2.5.6.jar:/home/nahum/.m2/repository/org/springframework/spring-orm/5.3.12/spring-orm-5.3.12.jar:/home/nahum/.m2/repository/org/springframework/spring-context/5.3.12/spring-context-5.3.12.jar:/home/nahum/.m2/repository/org/springframework/spring-tx/5.3.12/spring-tx-5.3.12.jar:/home/nahum/.m2/repository/org/springframework/spring-aspects/5.3.12/spring-aspects-5.3.12.jar:/home/nahum/.m2/repository/org/apache/httpcomponents/httpclient/4.1/httpclient-4.1.jar:/home/nahum/.m2/repository/org/apache/httpcomponents/httpcore/4.4.14/httpcore-4.4.14.jar:/home/nahum/.m2/repository/commons-codec/commons-codec/1.15/commons-codec-1.15.jar:/home/nahum/.m2/repository/org/springframework/boot/spring-boot-starter-web/2.5.6/spring-boot-starter-web-2.5.6.jar:/home/nahum/.m2/repository/org/springframework/boot/spring-boot-starter/2.5.6/spring-boot-starter-2.5.6.jar:/home/nahum/.m2/repository/org/springframework/boot/spring-boot-starter-logging/2.5.6/spring-boot-starter-logging-2.5.6.jar:/home/nahum/.m2/repository/ch/qos/logback/logback-classic/1.2.6/logback-classic-1.2.6.jar:/home/nahum/.m2/repository/ch/qos/logback/logback-core/1.2.6/logback-core-1.2.6.jar:/home/nahum/.m2/repository/org/slf4j/jul-to-slf4j/1.7.32/jul-to-slf4j-1.7.32.jar:/home/nahum/.m2/repository/org/yaml/snakeyaml/1.28/snakeyaml-1.28.jar:/home/nahum/.m2/repository/org/springframework/boot/spring-boot-starter-json/2.5.6/spring-boot-starter-json-2.5.6.jar:/home/nahum/.m2/repository/com/fasterxml/jackson/core/jackson-databind/2.12.5/jackson-databind-2.12.5.jar:/home/nahum/.m2/repository/com/fasterxml/jackson/core/jackson-annotations/2.12.5/jackson-annotations-2.12.5.jar:/home/nahum/.m2/repository/com/fasterxml/jackson/core/jackson-core/2.12.5/jackson-core-2.12.5.jar:/home/nahum/.m2/repository/com/fasterxml/jackson/datatype/jackson-datatype-jdk8/2.12.5/jackson-datatype-jdk8-2.12.5.jar:/home/nahum/.m2/repository/com/fasterxml/jackson/datatype/jackson-datatype-jsr310/2.12.5/jackson-datatype-jsr310-2.12.5.jar:/home/nahum/.m2/repository/com/fasterxml/jackson/module/jackson-module-parameter-names/2.12.5/jackson-module-parameter-names-2.12.5.jar:/home/nahum/.m2/repository/org/springframework/spring-web/5.3.12/spring-web-5.3.12.jar:/home/nahum/.m2/repository/org/springframework/spring-webmvc/5.3.12/spring-webmvc-5.3.12.jar:/home/nahum/.m2/repository/org/springframework/spring-expression/5.3.12/spring-expression-5.3.12.jar:/home/nahum/.m2/repository/org/springframework/boot/spring-boot-devtools/2.5.6/spring-boot-devtools-2.5.6.jar:/home/nahum/.m2/repository/org/springframework/boot/spring-boot/2.5.6/spring-boot-2.5.6.jar:/home/nahum/.m2/repository/org/springframework/boot/spring-boot-autoconfigure/2.5.6/spring-boot-autoconfigure-2.5.6.jar:/home/nahum/.m2/repository/org/postgresql/postgresql/42.2.24/postgresql-42.2.24.jar:/home/nahum/.m2/repository/org/checkerframework/checker-qual/3.5.0/checker-qual-3.5.0.jar:/home/nahum/.m2/repository/org/springframework/boot/spring-boot-starter-tomcat/2.5.6/spring-boot-starter-tomcat-2.5.6.jar:/home/nahum/.m2/repository/jakarta/annotation/jakarta.annotation-api/1.3.5/jakarta.annotation-api-1.3.5.jar:/home/nahum/.m2/repository/org/apache/tomcat/embed/tomcat-embed-core/9.0.54/tomcat-embed-core-9.0.54.jar:/home/nahum/.m2/repository/org/apache/tomcat/embed/tomcat-embed-el/9.0.54/tomcat-embed-el-9.0.54.jar:/home/nahum/.m2/repository/org/apache/tomcat/embed/tomcat-embed-websocket/9.0.54/tomcat-embed-websocket-9.0.54.jar:/home/nahum/.m2/repository/org/springframework/boot/spring-boot-starter-test/2.5.6/spring-boot-starter-test-2.5.6.jar:/home/nahum/.m2/repository/org/springframework/boot/spring-boot-test/2.5.6/spring-boot-test-2.5.6.jar:/home/nahum/.m2/repository/org/springframework/boot/spring-boot-test-autoconfigure/2.5.6/spring-boot-test-autoconfigure-2.5.6.jar:/home/nahum/.m2/repository/com/jayway/jsonpath/json-path/2.5.0/json-path-2.5.0.jar:/home/nahum/.m2/repository/net/minidev/json-smart/2.4.7/json-smart-2.4.7.jar:/home/nahum/.m2/repository/net/minidev/accessors-smart/2.4.7/accessors-smart-2.4.7.jar:/home/nahum/.m2/repository/org/ow2/asm/asm/9.1/asm-9.1.jar:/home/nahum/.m2/repository/jakarta/xml/bind/jakarta.xml.bind-api/2.3.3/jakarta.xml.bind-api-2.3.3.jar:/home/nahum/.m2/repository/jakarta/activation/jakarta.activation-api/1.2.2/jakarta.activation-api-1.2.2.jar:/home/nahum/.m2/repository/org/assertj/assertj-core/3.19.0/assertj-core-3.19.0.jar:/home/nahum/.m2/repository/org/hamcrest/hamcrest/2.2/hamcrest-2.2.jar:/home/nahum/.m2/repository/org/junit/jupiter/junit-jupiter/5.7.2/junit-jupiter-5.7.2.jar:/home/nahum/.m2/repository/org/junit/jupiter/junit-jupiter-api/5.7.2/junit-jupiter-api-5.7.2.jar:/home/nahum/.m2/repository/org/apiguardian/apiguardian-api/1.1.0/apiguardian-api-1.1.0.jar:/home/nahum/.m2/repository/org/opentest4j/opentest4j/1.2.0/opentest4j-1.2.0.jar:/home/nahum/.m2/repository/org/junit/platform/junit-platform-commons/1.7.2/junit-platform-commons-1.7.2.jar:/home/nahum/.m2/repository/org/junit/jupiter/junit-jupiter-params/5.7.2/junit-jupiter-params-5.7.2.jar:/home/nahum/.m2/repository/org/junit/jupiter/junit-jupiter-engine/5.7.2/junit-jupiter-engine-5.7.2.jar:/home/nahum/.m2/repository/org/junit/platform/junit-platform-engine/1.7.2/junit-platform-engine-1.7.2.jar:/home/nahum/.m2/repository/org/mockito/mockito-core/3.9.0/mockito-core-3.9.0.jar:/home/nahum/.m2/repository/net/bytebuddy/byte-buddy-agent/1.10.22/byte-buddy-agent-1.10.22.jar:/home/nahum/.m2/repository/org/objenesis/objenesis/3.2/objenesis-3.2.jar:/home/nahum/.m2/repository/org/mockito/mockito-junit-jupiter/3.9.0/mockito-junit-jupiter-3.9.0.jar:/home/nahum/.m2/repository/org/skyscreamer/jsonassert/1.5.0/jsonassert-1.5.0.jar:/home/nahum/.m2/repository/com/vaadin/external/google/android-json/0.0.20131108.vaadin1/android-json-0.0.20131108.vaadin1.jar:/home/nahum/.m2/repository/org/springframework/spring-core/5.3.12/spring-core-5.3.12.jar:/home/nahum/.m2/repository/org/springframework/spring-jcl/5.3.12/spring-jcl-5.3.12.jar:/home/nahum/.m2/repository/org/springframework/spring-test/5.3.12/spring-test-5.3.12.jar:/home/nahum/.m2/repository/org/xmlunit/xmlunit-core/2.8.3/xmlunit-core-2.8.3.jar:/home/nahum/.m2/repository/com/github/cliftonlabs/json-simple/3.1.0/json-simple-3.1.0.jar:/home/nahum/.m2/repository/com/itextpdf/html2pdf/2.1.5/html2pdf-2.1.5.jar:/home/nahum/.m2/repository/com/itextpdf/forms/7.1.8/forms-7.1.8.jar:/home/nahum/.m2/repository/com/itextpdf/kernel/7.1.8/kernel-7.1.8.jar:/home/nahum/.m2/repository/com/itextpdf/io/7.1.8/io-7.1.8.jar:/home/nahum/.m2/repository/com/itextpdf/layout/7.1.8/layout-7.1.8.jar:/home/nahum/.m2/repository/com/itextpdf/svg/7.1.8/svg-7.1.8.jar:/home/nahum/.m2/repository/com/itextpdf/styled-xml-parser/7.1.8/styled-xml-parser-7.1.8.jar:/home/nahum/.m2/repository/org/slf4j/slf4j-api/1.7.32/slf4j-api-1.7.32.jar:/home/nahum/.m2/repository/com/itextpdf/itextpdf/5.4.1/itextpdf-5.4.1.jar:/home/nahum/.m2/repository/org/xhtmlrenderer/flying-saucer-pdf/9.0.0/flying-saucer-pdf-9.0.0.jar:/home/nahum/.m2/repository/com/lowagie/itext/2.1.7/itext-2.1.7.jar:/home/nahum/.m2/repository/bouncycastle/bcmail-jdk14/138/bcmail-jdk14-138.jar:/home/nahum/.m2/repository/bouncycastle/bcprov-jdk14/138/bcprov-jdk14-138.jar:/home/nahum/.m2/repository/org/bouncycastle/bctsp-jdk14/1.38/bctsp-jdk14-1.38.jar:/home/nahum/.m2/repository/org/bouncycastle/bcprov-jdk14/1.38/bcprov-jdk14-1.38.jar:/home/nahum/.m2/repository/org/bouncycastle/bcmail-jdk14/1.38/bcmail-jdk14-1.38.jar:/home/nahum/.m2/repository/org/xhtmlrenderer/flying-saucer-core/9.0.0/flying-saucer-core-9.0.0.jar:/home/nahum/.m2/repository/org/springframework/ws/spring-ws-core/3.1.1/spring-ws-core-3.1.1.jar:/home/nahum/.m2/repository/org/springframework/ws/spring-xml/3.1.1/spring-xml-3.1.1.jar:/home/nahum/.m2/repository/org/springframework/spring-aop/5.3.12/spring-aop-5.3.12.jar:/home/nahum/.m2/repository/org/springframework/spring-beans/5.3.12/spring-beans-5.3.12.jar:/home/nahum/.m2/repository/org/springframework/spring-oxm/5.3.12/spring-oxm-5.3.12.jar:/home/nahum/.m2/repository/org/springframework/boot/spring-boot-starter-thymeleaf/2.5.6/spring-boot-starter-thymeleaf-2.5.6.jar:/home/nahum/.m2/repository/org/thymeleaf/thymeleaf-spring5/3.0.12.RELEASE/thymeleaf-spring5-3.0.12.RELEASE.jar:/home/nahum/.m2/repository/org/thymeleaf/thymeleaf/3.0.12.RELEASE/thymeleaf-3.0.12.RELEASE.jar:/home/nahum/.m2/repository/org/attoparser/attoparser/2.0.5.RELEASE/attoparser-2.0.5.RELEASE.jar:/home/nahum/.m2/repository/org/unbescape/unbescape/1.1.6.RELEASE/unbescape-1.1.6.RELEASE.jar:/home/nahum/.m2/repository/org/thymeleaf/extras/thymeleaf-extras-java8time/3.0.4.RELEASE/thymeleaf-extras-java8time-3.0.4.RELEASE.jar:/home/nahum/.m2/repository/org/json/json/20070829/json-20070829.jar:/home/nahum/.m2/repository/org/projectlombok/lombok/1.18.24/lombok-1.18.24.jar:"/>
    <property name="sun.cpu.endian" value="little"/>
    <property name="user.home" value="/home/nahum"/>
    <property name="user.language" value="es"/>
    <property name="java.specification.vendor" value="Oracle Corporation"/>
    <property name="java.home" value="/usr/java/jdk1.8.0_231-amd64/jre"/>
    <property name="basedir" value="/home/nahum/Spring_Projects/Banca_movil_mitras_buenos_sagrada-main"/>
    <property name="style.color" value="always"/>
    <property name="file.separator" value="/"/>
    <property name="line.separator" value="&#10;"/>
    <property name="java.vm.specification.vendor" value="Oracle Corporation"/>
    <property name="java.specification.name" value="Java Platform API Specification"/>
    <property name="java.awt.graphicsenv" value="sun.awt.X11GraphicsEnvironment"/>
    <property name="surefire.real.class.path" value="/home/nahum/Spring_Projects/Banca_movil_mitras_buenos_sagrada-main/target/surefire/surefirebooter2392567935934004455.jar"/>
    <property name="sun.boot.class.path" value="/usr/java/jdk1.8.0_231-amd64/jre/lib/resources.jar:/usr/java/jdk1.8.0_231-amd64/jre/lib/rt.jar:/usr/java/jdk1.8.0_231-amd64/jre/lib/sunrsasign.jar:/usr/java/jdk1.8.0_231-amd64/jre/lib/jsse.jar:/usr/java/jdk1.8.0_231-amd64/jre/lib/jce.jar:/usr/java/jdk1.8.0_231-amd64/jre/lib/charsets.jar:/usr/java/jdk1.8.0_231-amd64/jre/lib/jfr.jar:/usr/java/jdk1.8.0_231-amd64/jre/classes"/>
    <property name="sun.management.compiler" value="HotSpot 64-Bit Tiered Compilers"/>
    <property name="java.runtime.version" value="1.8.0_231-b11"/>
    <property name="user.name" value="nahum"/>
    <property name="path.separator" value=":"/>
    <property name="os.version" value="5.8.18-100.fc31.x86_64"/>
    <property name="java.endorsed.dirs" value="/usr/java/jdk1.8.0_231-amd64/jre/lib/endorsed"/>
    <property name="java.runtime.name" value="Java(TM) SE Runtime Environment"/>
    <property name="file.encoding" value="UTF-8"/>
    <property name="java.vm.name" value="Java HotSpot(TM) 64-Bit Server VM"/>
    <property name="localRepository" value="/home/nahum/.m2/repository"/>
    <property name="java.vendor.url.bug" value="http://bugreport.sun.com/bugreport/"/>
    <property name="java.io.tmpdir" value="/tmp"/>
    <property name="java.version" value="1.8.0_231"/>
    <property name="user.dir" value="/home/nahum/Spring_Projects/Banca_movil_mitras_buenos_sagrada-main"/>
    <property name="os.arch" value="amd64"/>
    <property name="java.vm.specification.name" value="Java Virtual Machine Specification"/>
    <property name="java.awt.printerjob" value="sun.print.PSPrinterJob"/>
    <property name="sun.os.patch.level" value="unknown"/>
    <property name="java.library.path" value="/usr/java/packages/lib/amd64:/usr/lib64:/lib64:/lib:/usr/lib"/>
    <property name="java.vm.info" value="mixed mode"/>
    <property name="java.vendor" value="Oracle Corporation"/>
    <property name="java.vm.version" value="25.231-b11"/>
    <property name="java.ext.dirs" value="/usr/java/jdk1.8.0_231-amd64/jre/lib/ext:/usr/java/packages/lib/ext"/>
    <property name="sun.io.unicode.encoding" value="UnicodeLittle"/>
    <property name="java.class.version" value="52.0"/>
  </properties>
  <testcase name="contextLoads" classname="com.fenoreste.com.SpringBancaWarApplicationTests" time="0.092"/>
</testsuite>